This file contains any messages produced by compilers while
running configure, to aid debugging if configure makes a mistake.

It was created by configure, which was
generated by GNU Autoconf 2.52.  Invocation command line was

  $ ./configure 

## ---------- ##
## Platform.  ##
## ---------- ##

hostname = heroine
uname -m = i686
uname -r = 2.4.17
uname -s = Linux
uname -v = #4 SMP Sat Feb 9 21:41:36 PST 2002

/usr/bin/uname -p = unknown
/bin/uname -X     = unknown

/bin/arch              = i686
/usr/bin/arch -k       = unknown
/usr/convex/getsysinfo = unknown
hostinfo               = unknown
/bin/machine           = unknown
/usr/bin/oslevel       = unknown
/bin/universe          = unknown

PATH = /usr/local/sbin:/usr/sbin:/sbin:.:.:/usr/local/sbin:/usr/sbin:/sbin:.:/usr/local/sbin:/usr/local/bin:/sbin:/bin:/usr/sbin:/usr/bin:/usr/X11R6/bin:/root/bin:/usr/X11R6/bin:/root/bin

## ------------ ##
## Core tests.  ##
## ------------ ##

configure:1133: PATH=".;."; conftest.sh
./configure: conftest.sh: command not found
configure:1136: $? = 127
configure:1184: checking for a BSD compatible install
configure:1233: result: /usr/bin/install -c
configure:1244: checking whether build environment is sane
configure:1287: result: yes
configure:1302: checking whether make -j 4 sets ${MAKE}
configure:1322: result: yes
configure:1350: checking for working aclocal
configure:1357: result: found
configure:1365: checking for working autoconf
configure:1372: result: found
configure:1380: checking for working automake
configure:1387: result: found
configure:1395: checking for working autoheader
configure:1402: result: found
configure:1410: checking for working makeinfo
configure:1417: result: found
configure:1429: checking whether to enable maintainer-specific portions of Makefiles
configure:1438: result: no
configure:1456: checking build system type
configure:1474: result: i686-pc-linux-gnu
configure:1481: checking host system type
configure:1495: result: i686-pc-linux-gnu
configure:1547: checking for gcc
configure:1562: found /usr/bin/gcc
configure:1570: result: gcc
configure:1798: checking for C compiler version
configure:1801: gcc --version </dev/null >&5
3.0
configure:1804: $? = 0
configure:1806: gcc -v </dev/null >&5
Reading specs from /usr/lib/gcc-lib/i686-pc-linux-gnu/3.0/specs
Configured with: ./configure --prefix=/usr
Thread model: single
gcc version 3.0
configure:1809: $? = 0
configure:1811: gcc -V </dev/null >&5
gcc: argument to `-V' is missing
configure:1814: $? = 1
configure:1834: checking for C compiler default output
configure:1837: gcc -O3 -march=i686 -fmessage-length=0 -funroll-all-loops -fomit-frame-pointer -malign-loops=2 -malign-jumps=2 -malign-functions=2 -I/usr/local/include   conftest.c  >&5
configure:1840: $? = 0
configure:1869: result: a.out
configure:1874: checking whether the C compiler works
configure:1880: ./a.out
configure:1883: $? = 0
configure:1898: result: yes
configure:1905: checking whether we are cross compiling
configure:1907: result: no
configure:1910: checking for executable suffix
configure:1912: gcc -o conftest -O3 -march=i686 -fmessage-length=0 -funroll-all-loops -fomit-frame-pointer -malign-loops=2 -malign-jumps=2 -malign-functions=2 -I/usr/local/include   conftest.c  >&5
configure:1915: $? = 0
configure:1937: result: 
configure:1943: checking for object suffix
configure:1961: gcc -c -O3 -march=i686 -fmessage-length=0 -funroll-all-loops -fomit-frame-pointer -malign-loops=2 -malign-jumps=2 -malign-functions=2 -I/usr/local/include  conftest.c >&5
configure:1964: $? = 0
configure:1983: result: o
configure:1987: checking whether we are using the GNU C compiler
configure:2008: gcc -c -O3 -march=i686 -fmessage-length=0 -funroll-all-loops -fomit-frame-pointer -malign-loops=2 -malign-jumps=2 -malign-functions=2 -I/usr/local/include  conftest.c >&5
configure:2011: $? = 0
configure:2014: test -s conftest.o
configure:2017: $? = 0
configure:2029: result: yes
configure:2035: checking whether gcc accepts -g
configure:2053: gcc -c -g  conftest.c >&5
configure:2056: $? = 0
configure:2059: test -s conftest.o
configure:2062: $? = 0
configure:2072: result: yes
configure:2099: gcc -c -O3 -march=i686 -fmessage-length=0 -funroll-all-loops -fomit-frame-pointer -malign-loops=2 -malign-jumps=2 -malign-functions=2 -I/usr/local/include  conftest.c >&5
conftest.c:2: parse error before "me"
configure:2102: $? = 1
configure: failed program was:
#ifndef __cplusplus
  choke me
#endif
configure:2205: checking how to run the C preprocessor
configure:2231: gcc -E  conftest.c
configure:2237: $? = 0
configure:2264: gcc -E  conftest.c
configure:2261:28: ac_nonexistent.h: No such file or directory
configure:2270: $? = 1
configure: failed program was:
#line 2260 "configure"
#include "confdefs.h"
#include <ac_nonexistent.h>
configure:2307: result: gcc -E
configure:2322: gcc -E  conftest.c
configure:2328: $? = 0
configure:2355: gcc -E  conftest.c
configure:2352:28: ac_nonexistent.h: No such file or directory
configure:2361: $? = 1
configure: failed program was:
#line 2351 "configure"
#include "confdefs.h"
#include <ac_nonexistent.h>
configure:2401: checking whether gcc needs -traditional
configure:2436: result: no
configure:2448: checking if gcc supports  -march=i686 -fmessage-length=0 -funroll-all-loops -fomit-frame-pointer -malign-loops=2 -malign-jumps=2 -malign-functions=2 -I/usr/local/include -O3 flags
configure:2465: gcc -c  -march=i686 -fmessage-length=0 -funroll-all-loops -fomit-frame-pointer -malign-loops=2 -malign-jumps=2 -malign-functions=2 -I/usr/local/include -O3  conftest.c >&5
configure:2468: $? = 0
configure:2471: test -s conftest.o
configure:2474: $? = 0
configure:2484: result: yes
configure:2493: checking if gcc supports  -march=i686 -fmessage-length=0 -funroll-all-loops -fomit-frame-pointer -malign-loops=2 -malign-jumps=2 -malign-functions=2 -I/usr/local/include -O3 -fomit-frame-pointer flags
configure:2510: gcc -c  -march=i686 -fmessage-length=0 -funroll-all-loops -fomit-frame-pointer -malign-loops=2 -malign-jumps=2 -malign-functions=2 -I/usr/local/include -O3 -fomit-frame-pointer  conftest.c >&5
configure:2513: $? = 0
configure:2516: test -s conftest.o
configure:2519: $? = 0
configure:2529: result: yes
configure:2546: checking if gcc supports  -march=i686 -fmessage-length=0 -funroll-all-loops -fomit-frame-pointer -malign-loops=2 -malign-jumps=2 -malign-functions=2 -I/usr/local/include -O3 -fomit-frame-pointer -mcpu=pentiumpro flags
configure:2563: gcc -c  -march=i686 -fmessage-length=0 -funroll-all-loops -fomit-frame-pointer -malign-loops=2 -malign-jumps=2 -malign-functions=2 -I/usr/local/include -O3 -fomit-frame-pointer -mcpu=pentiumpro  conftest.c >&5
configure:2566: $? = 0
configure:2569: test -s conftest.o
configure:2572: $? = 0
configure:2582: result: yes
configure:2870: checking for ld used by GCC
configure:2933: result: /usr/bin/ld
configure:2942: checking if the linker (/usr/bin/ld) is GNU ld
GNU ld version 2.10.91 (with BFD 2.10.0.26)
configure:2954: result: yes
configure:2958: checking for /usr/bin/ld option to reload object files
configure:2965: result: -r
configure:2970: checking for BSD-compatible nm
configure:3006: result: /usr/bin/nm -B
configure:3009: checking whether ln -s works
configure:3013: result: yes
configure:3020: checking how to recognise dependant libraries
configure:3192: result: pass_all
configure:3198: checking command to parse /usr/bin/nm -B output
configure:3279: gcc -c  -march=i686 -fmessage-length=0 -funroll-all-loops -fomit-frame-pointer -malign-loops=2 -malign-jumps=2 -malign-functions=2 -I/usr/local/include -O3 -fomit-frame-pointer -mcpu=pentiumpro  conftest.c >&5
configure:3282: $? = 0
configure:3286: /usr/bin/nm -B conftest.o \| sed -n -e 's/^.*[ 	]\([ABCDGISTW][ABCDGISTW]*\)[ 	][ 	]*\(\)\([_A-Za-z][_A-Za-z0-9]*\)$/\1 \2\3 \3/p' \> conftest.nm
configure:3289: $? = 0
configure:3341: gcc -o conftest  -march=i686 -fmessage-length=0 -funroll-all-loops -fomit-frame-pointer -malign-loops=2 -malign-jumps=2 -malign-functions=2 -I/usr/local/include -O3 -fomit-frame-pointer -mcpu=pentiumpro   conftest.c conftstm.o >&5
configure:3344: $? = 0
configure:3388: result: ok
configure:3395: checking for dlfcn.h
configure:3405: gcc -E  conftest.c
configure:3411: $? = 0
configure:3430: result: yes
configure:3617: checking for ranlib
configure:3632: found /usr/bin/ranlib
configure:3641: result: ranlib
configure:3691: checking for strip
configure:3706: found /usr/bin/strip
configure:3715: result: strip
configure:4236: checking for objdir
configure:4247: result: .libs
configure:4262: checking for gcc option to produce PIC
configure:4412: result: -fPIC
configure:4416: checking if gcc PIC flag -fPIC works
configure:4436: gcc -c  -march=i686 -fmessage-length=0 -funroll-all-loops -fomit-frame-pointer -malign-loops=2 -malign-jumps=2 -malign-functions=2 -I/usr/local/include -O3 -fomit-frame-pointer -mcpu=pentiumpro -fPIC -DPIC  conftest.c >&5
configure:4439: $? = 0
configure:4442: test -s conftest.o
configure:4445: $? = 0
configure:4481: result: yes
configure:4497: checking if gcc static flag -static works
configure:4518: gcc -o conftest  -march=i686 -fmessage-length=0 -funroll-all-loops -fomit-frame-pointer -malign-loops=2 -malign-jumps=2 -malign-functions=2 -I/usr/local/include -O3 -fomit-frame-pointer -mcpu=pentiumpro   -static conftest.c  >&5
configure:4521: $? = 0
configure:4524: test -s conftest
configure:4527: $? = 0
configure:4541: result: yes
configure:4552: checking if gcc supports -c -o file.o
configure:4572: gcc -c  -march=i686 -fmessage-length=0 -funroll-all-loops -fomit-frame-pointer -malign-loops=2 -malign-jumps=2 -malign-functions=2 -I/usr/local/include -O3 -fomit-frame-pointer -mcpu=pentiumpro -o out/conftest2.o  conftest.c >&5
configure:4596: result: yes
configure:4601: checking if gcc supports -c -o file.lo
configure:4625: gcc -c  -march=i686 -fmessage-length=0 -funroll-all-loops -fomit-frame-pointer -malign-loops=2 -malign-jumps=2 -malign-functions=2 -I/usr/local/include -O3 -fomit-frame-pointer -mcpu=pentiumpro -c -o conftest.lo  conftest.c >&5
configure:4628: $? = 0
configure:4631: test -s conftest.lo
configure:4634: $? = 0
configure:4655: result: yes
configure:4686: checking if gcc supports -fno-rtti -fno-exceptions
configure:4705: gcc -c  -march=i686 -fmessage-length=0 -funroll-all-loops -fomit-frame-pointer -malign-loops=2 -malign-jumps=2 -malign-functions=2 -I/usr/local/include -O3 -fomit-frame-pointer -mcpu=pentiumpro -fno-rtti -fno-exceptions -c conftest.c  conftest.c >&5
configure:4708: $? = 0
configure:4711: test -s conftest.o
configure:4714: $? = 0
configure:4730: result: yes
configure:4741: checking whether the linker (/usr/bin/ld) supports shared libraries
configure:5422: result: yes
configure:5427: checking how to hardcode library paths into programs
configure:5451: result: immediate
configure:5456: checking whether stripping libraries is possible
configure:5461: result: yes
configure:5472: checking dynamic linker characteristics
configure:5869: result: GNU/Linux ld.so
configure:5874: checking if libtool supports shared libraries
configure:5876: result: yes
configure:5879: checking whether to build shared libraries
configure:5900: result: no
configure:5903: checking whether to build static libraries
configure:5907: result: yes
configure:7136: checking for sys/time.h
configure:7146: gcc -E  conftest.c
configure:7152: $? = 0
configure:7171: result: yes
configure:7136: checking for io.h
configure:7146: gcc -E  conftest.c
configure:7143:16: io.h: No such file or directory
configure:7152: $? = 1
configure: failed program was:
#line 7142 "configure"
#include "confdefs.h"
#include <io.h>
configure:7171: result: no
configure:7181: checking for ANSI C header files
configure:7195: gcc -E  conftest.c
configure:7201: $? = 0
configure:7288: gcc -o conftest  -march=i686 -fmessage-length=0 -funroll-all-loops -fomit-frame-pointer -malign-loops=2 -malign-jumps=2 -malign-functions=2 -I/usr/local/include -O3 -fomit-frame-pointer -mcpu=pentiumpro   conftest.c  >&5
configure:7291: $? = 0
configure:7293: ./conftest
configure:7296: $? = 0
configure:7309: result: yes
configure:7325: checking for sys/types.h
configure:7337: gcc -c  -march=i686 -fmessage-length=0 -funroll-all-loops -fomit-frame-pointer -malign-loops=2 -malign-jumps=2 -malign-functions=2 -I/usr/local/include -O3 -fomit-frame-pointer -mcpu=pentiumpro  conftest.c >&5
configure:7340: $? = 0
configure:7343: test -s conftest.o
configure:7346: $? = 0
configure:7356: result: yes
configure:7325: checking for sys/stat.h
configure:7337: gcc -c  -march=i686 -fmessage-length=0 -funroll-all-loops -fomit-frame-pointer -malign-loops=2 -malign-jumps=2 -malign-functions=2 -I/usr/local/include -O3 -fomit-frame-pointer -mcpu=pentiumpro  conftest.c >&5
configure:7340: $? = 0
configure:7343: test -s conftest.o
configure:7346: $? = 0
configure:7356: result: yes
configure:7325: checking for stdlib.h
configure:7337: gcc -c  -march=i686 -fmessage-length=0 -funroll-all-loops -fomit-frame-pointer -malign-loops=2 -malign-jumps=2 -malign-functions=2 -I/usr/local/include -O3 -fomit-frame-pointer -mcpu=pentiumpro  conftest.c >&5
configure:7340: $? = 0
configure:7343: test -s conftest.o
configure:7346: $? = 0
configure:7356: result: yes
configure:7325: checking for string.h
configure:7337: gcc -c  -march=i686 -fmessage-length=0 -funroll-all-loops -fomit-frame-pointer -malign-loops=2 -malign-jumps=2 -malign-functions=2 -I/usr/local/include -O3 -fomit-frame-pointer -mcpu=pentiumpro  conftest.c >&5
configure:7340: $? = 0
configure:7343: test -s conftest.o
configure:7346: $? = 0
configure:7356: result: yes
configure:7325: checking for memory.h
configure:7337: gcc -c  -march=i686 -fmessage-length=0 -funroll-all-loops -fomit-frame-pointer -malign-loops=2 -malign-jumps=2 -malign-functions=2 -I/usr/local/include -O3 -fomit-frame-pointer -mcpu=pentiumpro  conftest.c >&5
configure:7340: $? = 0
configure:7343: test -s conftest.o
configure:7346: $? = 0
configure:7356: result: yes
configure:7325: checking for strings.h
configure:7337: gcc -c  -march=i686 -fmessage-length=0 -funroll-all-loops -fomit-frame-pointer -malign-loops=2 -malign-jumps=2 -malign-functions=2 -I/usr/local/include -O3 -fomit-frame-pointer -mcpu=pentiumpro  conftest.c >&5
configure:7340: $? = 0
configure:7343: test -s conftest.o
configure:7346: $? = 0
configure:7356: result: yes
configure:7325: checking for inttypes.h
configure:7337: gcc -c  -march=i686 -fmessage-length=0 -funroll-all-loops -fomit-frame-pointer -malign-loops=2 -malign-jumps=2 -malign-functions=2 -I/usr/local/include -O3 -fomit-frame-pointer -mcpu=pentiumpro  conftest.c >&5
configure:7340: $? = 0
configure:7343: test -s conftest.o
configure:7346: $? = 0
configure:7356: result: yes
configure:7325: checking for stdint.h
configure:7337: gcc -c  -march=i686 -fmessage-length=0 -funroll-all-loops -fomit-frame-pointer -malign-loops=2 -malign-jumps=2 -malign-functions=2 -I/usr/local/include -O3 -fomit-frame-pointer -mcpu=pentiumpro  conftest.c >&5
configure:7340: $? = 0
configure:7343: test -s conftest.o
configure:7346: $? = 0
configure:7356: result: yes
configure:7325: checking for unistd.h
configure:7337: gcc -c  -march=i686 -fmessage-length=0 -funroll-all-loops -fomit-frame-pointer -malign-loops=2 -malign-jumps=2 -malign-functions=2 -I/usr/local/include -O3 -fomit-frame-pointer -mcpu=pentiumpro  conftest.c >&5
configure:7340: $? = 0
configure:7343: test -s conftest.o
configure:7346: $? = 0
configure:7356: result: yes
configure:7366: checking for inttypes.h
configure:7401: result: yes
configure:8151: checking for gcc option to accept ANSI C
configure:8208: gcc  -c  -march=i686 -fmessage-length=0 -funroll-all-loops -fomit-frame-pointer -malign-loops=2 -malign-jumps=2 -malign-functions=2 -I/usr/local/include -O3 -fomit-frame-pointer -mcpu=pentiumpro  conftest.c >&5
configure:8211: $? = 0
configure:8214: test -s conftest.o
configure:8217: $? = 0
configure:8234: result: none needed
configure:8242: checking for an ANSI C-conforming const
configure:8306: gcc -c  -march=i686 -fmessage-length=0 -funroll-all-loops -fomit-frame-pointer -malign-loops=2 -malign-jumps=2 -malign-functions=2 -I/usr/local/include -O3 -fomit-frame-pointer -mcpu=pentiumpro  conftest.c >&5
configure:8309: $? = 0
configure:8312: test -s conftest.o
configure:8315: $? = 0
configure:8325: result: yes
configure:8335: checking for inline
configure:8352: gcc -c  -march=i686 -fmessage-length=0 -funroll-all-loops -fomit-frame-pointer -malign-loops=2 -malign-jumps=2 -malign-functions=2 -I/usr/local/include -O3 -fomit-frame-pointer -mcpu=pentiumpro  conftest.c >&5
configure:8355: $? = 0
configure:8358: test -s conftest.o
configure:8361: $? = 0
configure:8372: result: inline
configure:8387: checking for size_t
configure:8408: gcc -c  -march=i686 -fmessage-length=0 -funroll-all-loops -fomit-frame-pointer -malign-loops=2 -malign-jumps=2 -malign-functions=2 -I/usr/local/include -O3 -fomit-frame-pointer -mcpu=pentiumpro  conftest.c >&5
configure:8411: $? = 0
configure:8414: test -s conftest.o
configure:8417: $? = 0
configure:8427: result: yes
configure:8439: checking whether byte ordering is bigendian
configure:8464: gcc -c  -march=i686 -fmessage-length=0 -funroll-all-loops -fomit-frame-pointer -malign-loops=2 -malign-jumps=2 -malign-functions=2 -I/usr/local/include -O3 -fomit-frame-pointer -mcpu=pentiumpro  conftest.c >&5
configure:8467: $? = 0
configure:8470: test -s conftest.o
configure:8473: $? = 0
configure:8494: gcc -c  -march=i686 -fmessage-length=0 -funroll-all-loops -fomit-frame-pointer -malign-loops=2 -malign-jumps=2 -malign-functions=2 -I/usr/local/include -O3 -fomit-frame-pointer -mcpu=pentiumpro  conftest.c >&5
configure: In function `main':
configure:8485: `not' undeclared (first use in this function)
configure:8485: (Each undeclared identifier is reported only once
configure:8485: for each function it appears in.)
configure:8485: parse error before "big"
configure:8497: $? = 1
configure: failed program was:
#line 8477 "configure"
#include "confdefs.h"
#include <sys/types.h>
#include <sys/param.h>

int
main ()
{
#if BYTE_ORDER != BIG_ENDIAN
 not big endian
#endif

  ;
  return 0;
}
configure:8561: result: no
configure:8574: checking for memalign
configure:8611: gcc -o conftest  -march=i686 -fmessage-length=0 -funroll-all-loops -fomit-frame-pointer -malign-loops=2 -malign-jumps=2 -malign-functions=2 -I/usr/local/include -O3 -fomit-frame-pointer -mcpu=pentiumpro   conftest.c  >&5
configure:8614: $? = 0
configure:8617: test -s conftest
configure:8620: $? = 0
configure:8630: result: yes
configure:8640: checking return type of signal handlers
configure:8668: gcc -c  -march=i686 -fmessage-length=0 -funroll-all-loops -fomit-frame-pointer -malign-loops=2 -malign-jumps=2 -malign-functions=2 -I/usr/local/include -O3 -fomit-frame-pointer -mcpu=pentiumpro  conftest.c >&5
configure:8671: $? = 0
configure:8674: test -s conftest.o
configure:8677: $? = 0
configure:8687: result: void
configure:8736: checking for _oss_ioctl in -lossaudio
configure:8763: gcc -o conftest  -march=i686 -fmessage-length=0 -funroll-all-loops -fomit-frame-pointer -malign-loops=2 -malign-jumps=2 -malign-functions=2 -I/usr/local/include -O3 -fomit-frame-pointer -mcpu=pentiumpro   conftest.c -lossaudio   >&5
/usr/bin/ld: cannot find -lossaudio
collect2: ld returned 1 exit status
configure:8766: $? = 1
configure: failed program was:
#line 8744 "configure"
#include "confdefs.h"

/* Override any gcc2 internal prototype to avoid an error.  */
#ifdef __cplusplus
extern "C"
#endif
/* We use char because int might match the return type of a gcc2
   builtin and then its argument prototype would still apply.  */
char _oss_ioctl ();
int
main ()
{
_oss_ioctl ();
  ;
  return 0;
}
configure:8783: result: no
configure:8846: checking if gcc supports  -march=i686 -fmessage-length=0 -funroll-all-loops -fomit-frame-pointer -malign-loops=2 -malign-jumps=2 -malign-functions=2 -I/usr/local/include -O3 -fomit-frame-pointer -mcpu=pentiumpro -Wall -Werror flags
configure:8863: gcc -c  -march=i686 -fmessage-length=0 -funroll-all-loops -fomit-frame-pointer -malign-loops=2 -malign-jumps=2 -malign-functions=2 -I/usr/local/include -O3 -fomit-frame-pointer -mcpu=pentiumpro -Wall -Werror  conftest.c >&5
configure:8866: $? = 0
configure:8869: test -s conftest.o
configure:8872: $? = 0
configure:8882: result: yes
configure:8893: checking __attribute__ ((aligned ())) support
configure:8913: gcc -c  -march=i686 -fmessage-length=0 -funroll-all-loops -fomit-frame-pointer -malign-loops=2 -malign-jumps=2 -malign-functions=2 -I/usr/local/include -O3 -fomit-frame-pointer -mcpu=pentiumpro -Wall -Werror  conftest.c >&5
configure:8916: $? = 0
configure:8919: test -s conftest.o
configure:8922: $? = 0
configure:8913: gcc -c  -march=i686 -fmessage-length=0 -funroll-all-loops -fomit-frame-pointer -malign-loops=2 -malign-jumps=2 -malign-functions=2 -I/usr/local/include -O3 -fomit-frame-pointer -mcpu=pentiumpro -Wall -Werror  conftest.c >&5
configure:8916: $? = 0
configure:8919: test -s conftest.o
configure:8922: $? = 0
configure:8913: gcc -c  -march=i686 -fmessage-length=0 -funroll-all-loops -fomit-frame-pointer -malign-loops=2 -malign-jumps=2 -malign-functions=2 -I/usr/local/include -O3 -fomit-frame-pointer -mcpu=pentiumpro -Wall -Werror  conftest.c >&5
configure:8916: $? = 0
configure:8919: test -s conftest.o
configure:8922: $? = 0
configure:8913: gcc -c  -march=i686 -fmessage-length=0 -funroll-all-loops -fomit-frame-pointer -malign-loops=2 -malign-jumps=2 -malign-functions=2 -I/usr/local/include -O3 -fomit-frame-pointer -mcpu=pentiumpro -Wall -Werror  conftest.c >&5
configure:8916: $? = 0
configure:8919: test -s conftest.o
configure:8922: $? = 0
configure:8913: gcc -c  -march=i686 -fmessage-length=0 -funroll-all-loops -fomit-frame-pointer -malign-loops=2 -malign-jumps=2 -malign-functions=2 -I/usr/local/include -O3 -fomit-frame-pointer -mcpu=pentiumpro -Wall -Werror  conftest.c >&5
configure:8916: $? = 0
configure:8919: test -s conftest.o
configure:8922: $? = 0
configure:8913: gcc -c  -march=i686 -fmessage-length=0 -funroll-all-loops -fomit-frame-pointer -malign-loops=2 -malign-jumps=2 -malign-functions=2 -I/usr/local/include -O3 -fomit-frame-pointer -mcpu=pentiumpro -Wall -Werror  conftest.c >&5
configure:8916: $? = 0
configure:8919: test -s conftest.o
configure:8922: $? = 0
configure:8932: result: 64
configure:9021: creating ./config.status

## ----------------------- ##
## Running config.status.  ##
## ----------------------- ##

This file was extended by config.status 2.52, executed with
  CONFIG_FILES    = 
  CONFIG_HEADERS  = 
  CONFIG_LINKS    = 
  CONFIG_COMMANDS = 
  > ./config.status 
on heroine

config.status:9513: creating Makefile
config.status:9513: creating autotools/Makefile
config.status:9513: creating include/Makefile
config.status:9513: creating test/Makefile
config.status:9513: creating doc/Makefile
config.status:9513: creating src/Makefile
config.status:9513: creating liba52/Makefile
config.status:9513: creating libao/Makefile
config.status:9513: creating vc++/Makefile
config.status:9605: creating include/config.h

## ----------------- ##
## Cache variables.  ##
## ----------------- ##

ac_cv_build=i686-pc-linux-gnu
ac_cv_build_alias=i686-pc-linux-gnu
ac_cv_c_attr_align_try=64
ac_cv_c_attribute_aligned=64
ac_cv_c_bigendian=no
ac_cv_c_compiler_gnu=yes
ac_cv_c_const=yes
ac_cv_c_inline=inline
ac_cv_env_CC_set=
ac_cv_env_CC_value=
ac_cv_env_CFLAGS_set=set
ac_cv_env_CFLAGS_value='-O3 -march=i686 -fmessage-length=0 -funroll-all-loops -fomit-frame-pointer -malign-loops=2 -malign-jumps=2 -malign-functions=2 -I/usr/local/include'
ac_cv_env_CPPFLAGS_set=
ac_cv_env_CPPFLAGS_value=
ac_cv_env_CPP_set=
ac_cv_env_CPP_value=
ac_cv_env_LDFLAGS_set=
ac_cv_env_LDFLAGS_value=
ac_cv_env_build_alias_set=
ac_cv_env_build_alias_value=
ac_cv_env_host_alias_set=
ac_cv_env_host_alias_value=
ac_cv_env_target_alias_set=
ac_cv_env_target_alias_value=
ac_cv_func_memalign=yes
ac_cv_header_dlfcn_h=yes
ac_cv_header_inttypes_h=yes
ac_cv_header_io_h=no
ac_cv_header_memory_h=yes
ac_cv_header_stdc=yes
ac_cv_header_stdint_h=yes
ac_cv_header_stdlib_h=yes
ac_cv_header_string_h=yes
ac_cv_header_strings_h=yes
ac_cv_header_sys_stat_h=yes
ac_cv_header_sys_time_h=yes
ac_cv_header_sys_types_h=yes
ac_cv_header_unistd_h=yes
ac_cv_host=i686-pc-linux-gnu
ac_cv_host_alias=i686-pc-linux-gnu
ac_cv_lib_ossaudio__oss_ioctl=no
ac_cv_objext=o
ac_cv_path_install='/usr/bin/install -c'
ac_cv_prog_CPP='gcc -E'
ac_cv_prog_ac_ct_CC=gcc
ac_cv_prog_ac_ct_RANLIB=ranlib
ac_cv_prog_ac_ct_STRIP=strip
ac_cv_prog_cc_g=yes
ac_cv_prog_cc_stdc=
ac_cv_prog_gcc_traditional=no
ac_cv_prog_make_make_set=yes
ac_cv_try_cflags_ok=yes
ac_cv_type_signal=void
ac_cv_type_size_t=yes
lt_cv_compiler_c_o=yes
lt_cv_compiler_o_lo=yes
lt_cv_deplibs_check_method=pass_all
lt_cv_file_magic_cmd='$MAGIC_CMD'
lt_cv_file_magic_test_file='/lib/libc.so.6 /lib/libc-2.1.94.so /lib/libc-2.2.2.so'
lt_cv_global_symbol_to_c_name_address='sed -n -e '\''s/^: \([^ ]*\) $/  {\"\1\", (lt_ptr) 0},/p'\'' -e '\''s/^[BCDEGRST] \([^ ]*\) \([^ ]*\)$/  {"\2", (lt_ptr) \&\2},/p'\'''
lt_cv_global_symbol_to_cdecl='sed -n -e '\''s/^. .* \(.*\)$/extern char \1;/p'\'''
lt_cv_ld_reload_flag=-r
lt_cv_path_LD=/usr/bin/ld
lt_cv_path_NM='/usr/bin/nm -B'
lt_cv_prog_cc_can_build_shared=yes
lt_cv_prog_cc_no_builtin=
lt_cv_prog_cc_pic=' -fPIC'
lt_cv_prog_cc_pic_works=yes
lt_cv_prog_cc_shlib=
lt_cv_prog_cc_static=-static
lt_cv_prog_cc_static_works=yes
lt_cv_prog_cc_wl=-Wl,
lt_cv_prog_gnu_ld=yes
lt_cv_sys_global_symbol_pipe='sed -n -e '\''s/^.*[ 	]\([ABCDGISTW][ABCDGISTW]*\)[ 	][ 	]*\(\)\([_A-Za-z][_A-Za-z0-9]*\)$/\1 \2\3 \3/p'\'''
lt_cv_sys_path_separator=:

## ------------ ##
## confdefs.h.  ##
## ------------ ##

#define PACKAGE "a52dec"
#define VERSION "0.7.3"
#define HAVE_DLFCN_H 1
#define HAVE_SYS_TIME_H 1
#define STDC_HEADERS 1
#define HAVE_SYS_TYPES_H 1
#define HAVE_SYS_STAT_H 1
#define HAVE_STDLIB_H 1
#define HAVE_STRING_H 1
#define HAVE_MEMORY_H 1
#define HAVE_STRINGS_H 1
#define HAVE_INTTYPES_H 1
#define HAVE_STDINT_H 1
#define HAVE_UNISTD_H 1
#define HAVE_MEMALIGN 1
#define RETSIGTYPE void
#define LIBAO_OSS
#define ATTRIBUTE_ALIGNED_MAX 64


configure: exit 0
